<?xml version="1.0" encoding="UTF-8"?>
<!-- Generated by org.testng.reporters.JUnitXMLReporter -->
<testsuite ignored="0" hostname="Praful" failures="1" tests="4" name="End2EndTest" time="10.449" errors="0" timestamp="2021-03-27T09:07:04 IST">
  <testcase classname="com.TestLayer.LoginPageTest" name="setUp" time="10.368"/>
  <testcase classname="com.TestLayer.LoginPageTest" name="m2" time="0.006">
    <failure type="java.lang.AssertionError" message="expected [12] but found [13]">
      <![CDATA[java.lang.AssertionError: expected [12] but found [13]
at com.TestLayer.LoginPageTest.m2(LoginPageTest.java:35)
at java.base/java.util.ArrayList.forEach(ArrayList.java:1511)
... Removed 32 stack frames]]>
    </failure>
  </testcase> <!-- m2 -->
  <testcase classname="com.TestLayer.LoginPageTest" name="m1" time="0.001"/>
  <testcase classname="com.TestLayer.LoginPageTest" name="m4" time="0.002"/>
</testsuite> <!-- End2EndTest -->
